[debug] [2020-07-31T22:45:46.575Z] ----------------------------------------------------------------------
[debug] [2020-07-31T22:45:46.575Z] Command:       C:\Program Files\nodejs\node.exe C:\Users\Remco Smits\AppData\Roaming\npm\node_modules\firebase-tools\lib\bin\firebase.js init
[debug] [2020-07-31T22:45:46.575Z] CLI Version:   8.6.0
[debug] [2020-07-31T22:45:46.575Z] Platform:      win32
[debug] [2020-07-31T22:45:46.575Z] Node Version:  v14.3.0
[debug] [2020-07-31T22:45:46.575Z] Time:          Sat Aug 01 2020 00:45:46 GMT+0200 (Central European Summer Time)
[debug] [2020-07-31T22:45:46.575Z] ----------------------------------------------------------------------
[debug] [2020-07-31T22:45:46.575Z] 
[debug] [2020-07-31T22:45:46.585Z] > command requires scopes: ["email","openid","https://www.googleapis.com/auth/cloudplatformprojects.readonly","https://www.googleapis.com/auth/firebase","https://www.googleapis.com/auth/cloud-platform"]
[debug] [2020-07-31T22:45:46.585Z] > authorizing via signed-in user
[info] 
     ######## #### ########  ######## ########     ###     ######  ########
     ##        ##  ##     ## ##       ##     ##  ##   ##  ##       ##
     ######    ##  ########  ######   ########  #########  ######  ######
     ##        ##  ##    ##  ##       ##     ## ##     ##       ## ##
     ##       #### ##     ## ######## ########  ##     ##  ######  ########

You're about to initialize a Firebase project in this directory:

  C:\xampp\htdocs\react\react-app

Before we get started, keep in mind:

  * You are currently outside your home directory

